# JRE version: OpenJDK Runtime Environment Corretto-11.0.24.8.1 (11.0.24+8) (build 11.0.24+8-LTS)
# Java VM: OpenJDK 64-Bit Server VM Corretto-11.0.24.8.1 (11.0.24+8-LTS, mixed mode, tiered, compressed oops, g1 gc, windows-amd64)
Heap:
 garbage-first heap   total 770048K, used 242688K [0x0000000083a00000, 0x0000000100000000)
  region size 1024K, 8 young (8192K), 8 survivors (8192K)
 Metaspace       used 123651K, capacity 129048K, committed 129564K, reserved 1159168K
  class space    used 17172K, capacity 19927K, committed 20096K, reserved 1048576K
GC Heap History (20 events):
Event: 26.969 GC heap after
{Heap after GC invocations=35 (full 0):
 garbage-first heap   total 238592K, used 133028K [0x0000000083a00000, 0x0000000100000000)
  region size 1024K, 8 young (8192K), 8 survivors (8192K)
 Metaspace       used 123651K, capacity 129048K, committed 129564K, reserved 1159168K
  class space    used 17172K, capacity 19927K, committed 20096K, reserved 1048576K
}
Event: 27.034 GC heap before
{Heap before GC invocations=36 (full 0):
 garbage-first heap   total 238592K, used 184228K [0x0000000083a00000, 0x0000000100000000)
  region size 1024K, 58 young (59392K), 8 survivors (8192K)
 Metaspace       used 123651K, capacity 129048K, committed 129564K, reserved 1159168K
  class space    used 17172K, capacity 19927K, committed 20096K, reserved 1048576K
}
Event: 27.049 GC heap after
{Heap after GC invocations=37 (full 0):
 garbage-first heap   total 238592K, used 145408K [0x0000000083a00000, 0x0000000100000000)
  region size 1024K, 8 young (8192K), 8 survivors (8192K)
 Metaspace       used 123651K, capacity 129048K, committed 129564K, reserved 1159168K
  class space    used 17172K, capacity 19927K, committed 20096K, reserved 1048576K
}
Event: 27.092 GC heap before
{Heap before GC invocations=37 (full 0):
 garbage-first heap   total 238592K, used 190464K [0x0000000083a00000, 0x0000000100000000)
  region size 1024K, 52 young (53248K), 8 survivors (8192K)
 Metaspace       used 123651K, capacity 129048K, committed 129564K, reserved 1159168K
  class space    used 17172K, capacity 19927K, committed 20096K, reserved 1048576K
}
Event: 27.106 GC heap after
{Heap after GC invocations=38 (full 0):
 garbage-first heap   total 238592K, used 156097K [0x0000000083a00000, 0x0000000100000000)
  region size 1024K, 7 young (7168K), 7 survivors (7168K)
 Metaspace       used 123651K, capacity 129048K, committed 129564K, reserved 1159168K
  class space    used 17172K, capacity 19927K, committed 20096K, reserved 1048576K
}
Event: 27.170 GC heap before
{Heap before GC invocations=38 (full 0):
 garbage-first heap   total 238592K, used 193985K [0x0000000083a00000, 0x0000000100000000)
  region size 1024K, 44 young (45056K), 7 survivors (7168K)
 Metaspace       used 123651K, capacity 129048K, committed 129564K, reserved 1159168K
  class space    used 17172K, capacity 19927K, committed 20096K, reserved 1048576K
}
Event: 27.181 GC heap after
{Heap after GC invocations=39 (full 0):
 garbage-first heap   total 238592K, used 164864K [0x0000000083a00000, 0x0000000100000000)
  region size 1024K, 6 young (6144K), 6 survivors (6144K)
 Metaspace       used 123651K, capacity 129048K, committed 129564K, reserved 1159168K
  class space    used 17172K, capacity 19927K, committed 20096K, reserved 1048576K
}
Event: 27.235 GC heap before
{Heap before GC invocations=39 (full 0):
 garbage-first heap   total 238592K, used 197632K [0x0000000083a00000, 0x0000000100000000)
  region size 1024K, 38 young (38912K), 6 survivors (6144K)
 Metaspace       used 123651K, capacity 129048K, committed 129564K, reserved 1159168K
  class space    used 17172K, capacity 19927K, committed 20096K, reserved 1048576K
}
Event: 27.245 GC heap after
{Heap after GC invocations=40 (full 0):
 garbage-first heap   total 238592K, used 172407K [0x0000000083a00000, 0x0000000100000000)
  region size 1024K, 5 young (5120K), 5 survivors (5120K)
 Metaspace       used 123651K, capacity 129048K, committed 129564K, reserved 1159168K
  class space    used 17172K, capacity 19927K, committed 20096K, reserved 1048576K
}
Event: 27.297 GC heap before
{Heap before GC invocations=40 (full 0):
 garbage-first heap   total 238592K, used 199031K [0x0000000083a00000, 0x0000000100000000)
  region size 1024K, 31 young (31744K), 5 survivors (5120K)
 Metaspace       used 123651K, capacity 129048K, committed 129564K, reserved 1159168K
  class space    used 17172K, capacity 19927K, committed 20096K, reserved 1048576K
}
Event: 27.306 GC heap after
{Heap after GC invocations=41 (full 0):
 garbage-first heap   total 238592K, used 179142K [0x0000000083a00000, 0x0000000100000000)
  region size 1024K, 4 young (4096K), 4 survivors (4096K)
 Metaspace       used 123651K, capacity 129048K, committed 129564K, reserved 1159168K
  class space    used 17172K, capacity 19927K, committed 20096K, reserved 1048576K
}
Event: 27.355 GC heap before
{Heap before GC invocations=41 (full 0):
 garbage-first heap   total 238592K, used 201670K [0x0000000083a00000, 0x0000000100000000)
  region size 1024K, 26 young (26624K), 4 survivors (4096K)
 Metaspace       used 123651K, capacity 129048K, committed 129564K, reserved 1159168K
  class space    used 17172K, capacity 19927K, committed 20096K, reserved 1048576K
}
Event: 27.365 GC heap after
{Heap after GC invocations=42 (full 0):
 garbage-first heap   total 355328K, used 184320K [0x0000000083a00000, 0x0000000100000000)
  region size 1024K, 4 young (4096K), 4 survivors (4096K)
 Metaspace       used 123651K, capacity 129048K, committed 129564K, reserved 1159168K
  class space    used 17172K, capacity 19927K, committed 20096K, reserved 1048576K
}
Event: 27.647 GC heap before
{Heap before GC invocations=43 (full 0):
 garbage-first heap   total 355328K, used 250880K [0x0000000083a00000, 0x0000000100000000)
  region size 1024K, 69 young (70656K), 4 survivors (4096K)
 Metaspace       used 123651K, capacity 129048K, committed 129564K, reserved 1159168K
  class space    used 17172K, capacity 19927K, committed 20096K, reserved 1048576K
}
Event: 27.679 GC heap after
{Heap after GC invocations=44 (full 0):
 garbage-first heap   total 355328K, used 199959K [0x0000000083a00000, 0x0000000100000000)
  region size 1024K, 9 young (9216K), 9 survivors (9216K)
 Metaspace       used 123651K, capacity 129048K, committed 129564K, reserved 1159168K
  class space    used 17172K, capacity 19927K, committed 20096K, reserved 1048576K
}
Event: 27.755 GC heap before
{Heap before GC invocations=44 (full 0):
 garbage-first heap   total 355328K, used 263447K [0x0000000083a00000, 0x0000000100000000)
  region size 1024K, 71 young (72704K), 9 survivors (9216K)
 Metaspace       used 123651K, capacity 129048K, committed 129564K, reserved 1159168K
  class space    used 17172K, capacity 19927K, committed 20096K, reserved 1048576K
}
Event: 27.774 GC heap after
{Heap after GC invocations=45 (full 0):
 garbage-first heap   total 355328K, used 214466K [0x0000000083a00000, 0x0000000100000000)
  region size 1024K, 9 young (9216K), 9 survivors (9216K)
 Metaspace       used 123651K, capacity 129048K, committed 129564K, reserved 1159168K
  class space    used 17172K, capacity 19927K, committed 20096K, reserved 1048576K
}
Event: 27.848 GC heap before
{Heap before GC invocations=45 (full 0):
 garbage-first heap   total 355328K, used 273858K [0x0000000083a00000, 0x0000000100000000)
  region size 1024K, 67 young (68608K), 9 survivors (9216K)
 Metaspace       used 123651K, capacity 129048K, committed 129564K, reserved 1159168K
  class space    used 17172K, capacity 19927K, committed 20096K, reserved 1048576K
}
Event: 27.862 GC heap after
{Heap after GC invocations=46 (full 0):
 garbage-first heap   total 355328K, used 228981K [0x0000000083a00000, 0x0000000100000000)
  region size 1024K, 9 young (9216K), 9 survivors (9216K)
 Metaspace       used 123651K, capacity 129048K, committed 129564K, reserved 1159168K
  class space    used 17172K, capacity 19927K, committed 20096K, reserved 1048576K
}
Event: 27.951 GC heap before
{Heap before GC invocations=46 (full 0):
 garbage-first heap   total 355328K, used 283253K [0x0000000083a00000, 0x0000000100000000)
  region size 1024K, 62 young (63488K), 9 survivors (9216K)
 Metaspace       used 123651K, capacity 129048K, committed 129564K, reserved 1159168K
  class space    used 17172K, capacity 19927K, committed 20096K, reserved 1048576K
}

