# JRE version: OpenJDK Runtime Environment Corretto-11.0.24.8.1 (11.0.24+8) (build 11.0.24+8-LTS)
# Java VM: OpenJDK 64-Bit Server VM Corretto-11.0.24.8.1 (11.0.24+8-LTS, mixed mode, tiered, compressed oops, g1 gc, windows-amd64)
Heap:
 garbage-first heap   total 540672K, used 205037K [0x0000000083a00000, 0x0000000100000000)
  region size 1024K, 4 young (4096K), 4 survivors (4096K)
 Metaspace       used 123556K, capacity 128979K, committed 129308K, reserved 1159168K
  class space    used 17166K, capacity 19923K, committed 20096K, reserved 1048576K
GC Heap History (20 events):
Event: 26.846 GC heap after
{Heap after GC invocations=36 (full 0):
 garbage-first heap   total 225280K, used 123392K [0x0000000083a00000, 0x0000000100000000)
  region size 1024K, 9 young (9216K), 9 survivors (9216K)
 Metaspace       used 123556K, capacity 128979K, committed 129308K, reserved 1159168K
  class space    used 17166K, capacity 19923K, committed 20096K, reserved 1048576K
}
Event: 26.899 GC heap before
{Heap before GC invocations=36 (full 0):
 garbage-first heap   total 225280K, used 175616K [0x0000000083a00000, 0x0000000100000000)
  region size 1024K, 60 young (61440K), 9 survivors (9216K)
 Metaspace       used 123556K, capacity 128979K, committed 129308K, reserved 1159168K
  class space    used 17166K, capacity 19923K, committed 20096K, reserved 1048576K
}
Event: 26.916 GC heap after
{Heap after GC invocations=37 (full 0):
 garbage-first heap   total 225280K, used 135087K [0x0000000083a00000, 0x0000000100000000)
  region size 1024K, 8 young (8192K), 8 survivors (8192K)
 Metaspace       used 123556K, capacity 128979K, committed 129308K, reserved 1159168K
  class space    used 17166K, capacity 19923K, committed 20096K, reserved 1048576K
}
Event: 26.995 GC heap before
{Heap before GC invocations=37 (full 0):
 garbage-first heap   total 225280K, used 181167K [0x0000000083a00000, 0x0000000100000000)
  region size 1024K, 53 young (54272K), 8 survivors (8192K)
 Metaspace       used 123556K, capacity 128979K, committed 129308K, reserved 1159168K
  class space    used 17166K, capacity 19923K, committed 20096K, reserved 1048576K
}
Event: 27.007 GC heap after
{Heap after GC invocations=38 (full 0):
 garbage-first heap   total 225280K, used 146432K [0x0000000083a00000, 0x0000000100000000)
  region size 1024K, 7 young (7168K), 7 survivors (7168K)
 Metaspace       used 123556K, capacity 128979K, committed 129308K, reserved 1159168K
  class space    used 17166K, capacity 19923K, committed 20096K, reserved 1048576K
}
Event: 27.072 GC heap before
{Heap before GC invocations=38 (full 0):
 garbage-first heap   total 225280K, used 184320K [0x0000000083a00000, 0x0000000100000000)
  region size 1024K, 44 young (45056K), 7 survivors (7168K)
 Metaspace       used 123556K, capacity 128979K, committed 129308K, reserved 1159168K
  class space    used 17166K, capacity 19923K, committed 20096K, reserved 1048576K
}
Event: 27.082 GC heap after
{Heap after GC invocations=39 (full 0):
 garbage-first heap   total 225280K, used 155648K [0x0000000083a00000, 0x0000000100000000)
  region size 1024K, 6 young (6144K), 6 survivors (6144K)
 Metaspace       used 123556K, capacity 128979K, committed 129308K, reserved 1159168K
  class space    used 17166K, capacity 19923K, committed 20096K, reserved 1048576K
}
Event: 27.119 GC heap before
{Heap before GC invocations=39 (full 0):
 garbage-first heap   total 225280K, used 186368K [0x0000000083a00000, 0x0000000100000000)
  region size 1024K, 36 young (36864K), 6 survivors (6144K)
 Metaspace       used 123556K, capacity 128979K, committed 129308K, reserved 1159168K
  class space    used 17166K, capacity 19923K, committed 20096K, reserved 1048576K
}
Event: 27.128 GC heap after
{Heap after GC invocations=40 (full 0):
 garbage-first heap   total 225280K, used 162816K [0x0000000083a00000, 0x0000000100000000)
  region size 1024K, 5 young (5120K), 5 survivors (5120K)
 Metaspace       used 123556K, capacity 128979K, committed 129308K, reserved 1159168K
  class space    used 17166K, capacity 19923K, committed 20096K, reserved 1048576K
}
Event: 27.161 GC heap before
{Heap before GC invocations=41 (full 0):
 garbage-first heap   total 225280K, used 189440K [0x0000000083a00000, 0x0000000100000000)
  region size 1024K, 31 young (31744K), 5 survivors (5120K)
 Metaspace       used 123556K, capacity 128979K, committed 129308K, reserved 1159168K
  class space    used 17166K, capacity 19923K, committed 20096K, reserved 1048576K
}
Event: 27.170 GC heap after
{Heap after GC invocations=42 (full 0):
 garbage-first heap   total 225280K, used 168902K [0x0000000083a00000, 0x0000000100000000)
  region size 1024K, 4 young (4096K), 4 survivors (4096K)
 Metaspace       used 123556K, capacity 128979K, committed 129308K, reserved 1159168K
  class space    used 17166K, capacity 19923K, committed 20096K, reserved 1048576K
}
Event: 27.194 GC heap before
{Heap before GC invocations=42 (full 0):
 garbage-first heap   total 225280K, used 191430K [0x0000000083a00000, 0x0000000100000000)
  region size 1024K, 26 young (26624K), 4 survivors (4096K)
 Metaspace       used 123556K, capacity 128979K, committed 129308K, reserved 1159168K
  class space    used 17166K, capacity 19923K, committed 20096K, reserved 1048576K
}
Event: 27.202 GC heap after
{Heap after GC invocations=43 (full 0):
 garbage-first heap   total 270336K, used 174346K [0x0000000083a00000, 0x0000000100000000)
  region size 1024K, 4 young (4096K), 4 survivors (4096K)
 Metaspace       used 123556K, capacity 128979K, committed 129308K, reserved 1159168K
  class space    used 17166K, capacity 19923K, committed 20096K, reserved 1048576K
}
Event: 27.275 GC heap before
{Heap before GC invocations=43 (full 0):
 garbage-first heap   total 270336K, used 209162K [0x0000000083a00000, 0x0000000100000000)
  region size 1024K, 38 young (38912K), 4 survivors (4096K)
 Metaspace       used 123556K, capacity 128979K, committed 129308K, reserved 1159168K
  class space    used 17166K, capacity 19923K, committed 20096K, reserved 1048576K
}
Event: 27.291 GC heap after
{Heap after GC invocations=44 (full 0):
 garbage-first heap   total 270336K, used 182446K [0x0000000083a00000, 0x0000000100000000)
  region size 1024K, 5 young (5120K), 5 survivors (5120K)
 Metaspace       used 123556K, capacity 128979K, committed 129308K, reserved 1159168K
  class space    used 17166K, capacity 19923K, committed 20096K, reserved 1048576K
}
Event: 27.352 GC heap before
{Heap before GC invocations=44 (full 0):
 garbage-first heap   total 270336K, used 215214K [0x0000000083a00000, 0x0000000100000000)
  region size 1024K, 37 young (37888K), 5 survivors (5120K)
 Metaspace       used 123556K, capacity 128979K, committed 129308K, reserved 1159168K
  class space    used 17166K, capacity 19923K, committed 20096K, reserved 1048576K
}
Event: 27.362 GC heap after
{Heap after GC invocations=45 (full 0):
 garbage-first heap   total 270336K, used 190289K [0x0000000083a00000, 0x0000000100000000)
  region size 1024K, 5 young (5120K), 5 survivors (5120K)
 Metaspace       used 123556K, capacity 128979K, committed 129308K, reserved 1159168K
  class space    used 17166K, capacity 19923K, committed 20096K, reserved 1048576K
}
Event: 27.408 GC heap before
{Heap before GC invocations=45 (full 0):
 garbage-first heap   total 270336K, used 221009K [0x0000000083a00000, 0x0000000100000000)
  region size 1024K, 35 young (35840K), 5 survivors (5120K)
 Metaspace       used 123556K, capacity 128979K, committed 129308K, reserved 1159168K
  class space    used 17166K, capacity 19923K, committed 20096K, reserved 1048576K
}
Event: 27.416 GC heap after
{Heap after GC invocations=46 (full 0):
 garbage-first heap   total 270336K, used 198106K [0x0000000083a00000, 0x0000000100000000)
  region size 1024K, 5 young (5120K), 5 survivors (5120K)
 Metaspace       used 123556K, capacity 128979K, committed 129308K, reserved 1159168K
  class space    used 17166K, capacity 19923K, committed 20096K, reserved 1048576K
}
Event: 27.464 GC heap before
{Heap before GC invocations=46 (full 0):
 garbage-first heap   total 270336K, used 224730K [0x0000000083a00000, 0x0000000100000000)
  region size 1024K, 31 young (31744K), 5 survivors (5120K)
 Metaspace       used 123556K, capacity 128979K, committed 129308K, reserved 1159168K
  class space    used 17166K, capacity 19923K, committed 20096K, reserved 1048576K
}

